<?xml version="1.0" encoding="UTF-8"?>
<testsuite name="com.gildedrose.GildedRoseTest" tests="5" skipped="0" failures="0" errors="0" timestamp="2023-09-22T12:31:02" hostname="DELL" time="0.04">
  <properties/>
  <testcase name="Test that the quantity is unchanged" classname="com.gildedrose.GildedRoseTest" time="0.029"/>
  <testcase name="Test that the name is unchanged" classname="com.gildedrose.GildedRoseTest" time="0.003"/>
  <testcase name="testUpdateQualityForBackstagePasses()" classname="com.gildedrose.GildedRoseTest" time="0.001"/>
  <testcase name="testUpdateQualityForSulfuras()" classname="com.gildedrose.GildedRoseTest" time="0.001"/>
  <testcase name="Test that the sellin is unchanged" classname="com.gildedrose.GildedRoseTest" time="0.001"/>
  <system-out><![CDATA[]]></system-out>
  <system-err><![CDATA[]]></system-err>
</testsuite>
