<?xml version="1.0" encoding="UTF-8"?>
<testsuite name="com.gildedrose.GildedRoseTest" tests="11" skipped="0" failures="0" errors="0" timestamp="2023-09-29T13:22:11" hostname="DELL" time="0.05">
  <properties/>
  <testcase name="Test that the quality decrease by 1" classname="com.gildedrose.GildedRoseTest" time="0.031"/>
  <testcase name="Test that the quality decrease by 1" classname="com.gildedrose.GildedRoseTest" time="0.001"/>
  <testcase name="Test  the sellin" classname="com.gildedrose.GildedRoseTest" time="0.001"/>
  <testcase name="Test that the quality decrease by 1" classname="com.gildedrose.GildedRoseTest" time="0.001"/>
  <testcase name="Test that the quality decrease by 1" classname="com.gildedrose.GildedRoseTest" time="0.001"/>
  <testcase name="Test that the quality decrease by 1" classname="com.gildedrose.GildedRoseTest" time="0.001"/>
  <testcase name="Test that the name is unchanged" classname="com.gildedrose.GildedRoseTest" time="0.002"/>
  <testcase name="Test that the quality decrease by 1" classname="com.gildedrose.GildedRoseTest" time="0.001"/>
  <testcase name="Test  the quality nul" classname="com.gildedrose.GildedRoseTest" time="0.0"/>
  <testcase name="Test  the quality" classname="com.gildedrose.GildedRoseTest" time="0.001"/>
  <testcase name="Test  the sellin" classname="com.gildedrose.GildedRoseTest" time="0.001"/>
  <system-out><![CDATA[]]></system-out>
  <system-err><![CDATA[]]></system-err>
</testsuite>
